  base64.c
  basicauth.c
  connection.c
  daemon.c
D:\Programming\projects\pma_git\libmicrohttpd\w32\VS2017\..\..\src\microhttpd\daemon.c(5854): warning C4133: '함수': 'unsigned int *'과(와) 'const char *' 사이의 형식이 호환되지 않습니다.
  digestauth.c
  internal.c
  md5.c
  memorypool.c
  mhd_mono_clock.c
  postprocessor.c
  reason_phrase.c
  response.c
  tsearch.c
  sysfdsetsize.c
  mhd_str.c
  mhd_threads.c
  mhd_sockets.c
  mhd_itc.c
  mhd_compat.c
  D:\Programming\projects\pma_git\libmicrohttpd\src\include\microhttpd.h -> D:\Programming\projects\pma_git\libmicrohttpd\w32\VS2017\Output\x64\microhttpd.h
  1 File(s) copied
  libmicrohttpd.vcxproj -> D:\Programming\projects\pma_git\libmicrohttpd\w32\VS2017\Output\x64\libmicrohttpd.lib
  D:\Programming\projects\pma_git\libmicrohttpd\w32\VS2017\libmicrohttpd\Release-static-xp\x64\libmicrohttpd.pdb -> D:\Programming\projects\pma_git\libmicrohttpd\w32\VS2017\Output\x64\libmicrohttpd.pdb
  1 File(s) copied
